<?xml version="1.0" encoding="UTF-8"?>
<testsuite name="com.didispace.ApplicationTests" time="0" tests="2" errors="1" skipped="0" failures="0">
  <properties>
    <property name="java.runtime.name" value="Java(TM) SE Runtime Environment"/>
    <property name="sun.boot.library.path" value="D:\installed\Java\jdk1.8\jre\bin"/>
    <property name="java.vm.version" value="25.91-b15"/>
    <property name="java.vm.vendor" value="Oracle Corporation"/>
    <property name="java.vendor.url" value="http://java.oracle.com/"/>
    <property name="path.separator" value=";"/>
    <property name="guice.disable.misplaced.annotation.check" value="true"/>
    <property name="java.vm.name" value="Java HotSpot(TM) Client VM"/>
    <property name="file.encoding.pkg" value="sun.io"/>
    <property name="user.script" value=""/>
    <property name="user.country" value="CN"/>
    <property name="sun.java.launcher" value="SUN_STANDARD"/>
    <property name="sun.os.patch.level" value=""/>
    <property name="java.vm.specification.name" value="Java Virtual Machine Specification"/>
    <property name="user.dir" value="D:\SpringBoot-Learning\Chapter9-2-1\consumer"/>
    <property name="java.runtime.version" value="1.8.0_91-b15"/>
    <property name="java.awt.graphicsenv" value="sun.awt.Win32GraphicsEnvironment"/>
    <property name="java.endorsed.dirs" value="D:\installed\Java\jdk1.8\jre\lib\endorsed"/>
    <property name="os.arch" value="x86"/>
    <property name="java.io.tmpdir" value="C:\Users\ADMINI~1\AppData\Local\Temp\"/>
    <property name="line.separator" value="&#10;"/>
    <property name="java.vm.specification.vendor" value="Oracle Corporation"/>
    <property name="user.variant" value=""/>
    <property name="os.name" value="Windows 7"/>
    <property name="classworlds.conf" value="D:\projects\.metadata\.plugins\org.eclipse.m2e.launching\launches\m2conf5722916926045462527.tmp"/>
    <property name="sun.jnu.encoding" value="GBK"/>
    <property name="java.library.path" value="D:\installed\Java\jdk1.8\bin;C:\Windows\Sun\Java\bin;C:\Windows\system32;C:\Windows;D:/installed/myeclipse/binary/com.sun.java.jdk7.win32.x86_1.7.0.u45/jre/bin/client;D:/installed/myeclipse/binary/com.sun.java.jdk7.win32.x86_1.7.0.u45/jre/bin;D:/installed/myeclipse/binary/com.sun.java.jdk7.win32.x86_1.7.0.u45/jre/lib/i386;C:\Windows\system32;C:\Windows;C:\Windows\System32\Wbem;C:\Windows\System32\WindowsPowerShell\v1.0\;D:\installed\Git\cmd;D:\installed\Java\jdk1.8\bin;D:\installed\mysql\bin;;."/>
    <property name="java.specification.name" value="Java Platform API Specification"/>
    <property name="java.class.version" value="52.0"/>
    <property name="sun.management.compiler" value="HotSpot Client Compiler"/>
    <property name="os.version" value="6.1"/>
    <property name="user.home" value="C:\Users\Administrator"/>
    <property name="user.timezone" value="Asia/Shanghai"/>
    <property name="java.awt.printerjob" value="sun.awt.windows.WPrinterJob"/>
    <property name="java.specification.version" value="1.8"/>
    <property name="file.encoding" value="UTF-8"/>
    <property name="user.name" value="Administrator"/>
    <property name="java.class.path" value="/D:/installed/myeclipse/plugins/org.eclipse.m2e.maven.runtime_1.4.0.20130531-2315/jars/plexus-classworlds-2.4.jar"/>
    <property name="java.vm.specification.version" value="1.8"/>
    <property name="sun.arch.data.model" value="32"/>
    <property name="java.home" value="D:\installed\Java\jdk1.8\jre"/>
    <property name="sun.java.command" value="org.codehaus.plexus.classworlds.launcher.Launcher -B -s D:\installed\apache-maven\conf\settings.xml install"/>
    <property name="java.specification.vendor" value="Oracle Corporation"/>
    <property name="user.language" value="zh"/>
    <property name="awt.toolkit" value="sun.awt.windows.WToolkit"/>
    <property name="java.vm.info" value="mixed mode"/>
    <property name="java.version" value="1.8.0_91"/>
    <property name="java.ext.dirs" value="D:\installed\Java\jdk1.8\jre\lib\ext;C:\Windows\Sun\Java\lib\ext"/>
    <property name="sun.boot.class.path" value="D:\installed\Java\jdk1.8\jre\lib\resources.jar;D:\installed\Java\jdk1.8\jre\lib\rt.jar;D:\installed\Java\jdk1.8\jre\lib\sunrsasign.jar;D:\installed\Java\jdk1.8\jre\lib\jsse.jar;D:\installed\Java\jdk1.8\jre\lib\jce.jar;D:\installed\Java\jdk1.8\jre\lib\charsets.jar;D:\installed\Java\jdk1.8\jre\lib\jfr.jar;D:\installed\Java\jdk1.8\jre\classes"/>
    <property name="java.vendor" value="Oracle Corporation"/>
    <property name="maven.home" value="D:\SpringBoot-Learning\Chapter9-2-1\consumer\EMBEDDED"/>
    <property name="file.separator" value="\"/>
    <property name="java.vendor.url.bug" value="http://bugreport.sun.com/bugreport/"/>
    <property name="maven.bootclasspath" value="/D:/installed/myeclipse/plugins/org.eclipse.m2e.maven.runtime_1.4.0.20130531-2315/jars/plexus-classworlds-2.4.jar"/>
    <property name="sun.cpu.endian" value="little"/>
    <property name="sun.io.unicode.encoding" value="UnicodeLittle"/>
    <property name="sun.desktop" value="windows"/>
    <property name="sun.cpu.isalist" value="pentium_pro+mmx pentium_pro pentium+mmx pentium i486 i386 i86"/>
  </properties>
  <testcase name="testFindAllDubboDemoDto" classname="com.didispace.ApplicationTests" time="0"/>
  <testcase name="testGetDubboDemoDto" classname="com.didispace.ApplicationTests" time="0">
    <error message="Forbid consumer 192.168.2.82 access service com.training.dubbo.service.DubboDemoService from registry 192.168.2.72:2181 use dubbo version 2.5.3, Please check registry access list (whitelist/blacklist)." type="com.alibaba.dubbo.rpc.RpcException">com.alibaba.dubbo.rpc.RpcException: Forbid consumer 192.168.2.82 access service com.training.dubbo.service.DubboDemoService from registry 192.168.2.72:2181 use dubbo version 2.5.3, Please check registry access list (whitelist/blacklist).
	at com.alibaba.dubbo.registry.integration.RegistryDirectory.doList(RegistryDirectory.java:579)
	at com.alibaba.dubbo.rpc.cluster.directory.AbstractDirectory.list(AbstractDirectory.java:73)
	at com.alibaba.dubbo.rpc.cluster.support.AbstractClusterInvoker.list(AbstractClusterInvoker.java:260)
	at com.alibaba.dubbo.rpc.cluster.support.AbstractClusterInvoker.invoke(AbstractClusterInvoker.java:219)
	at com.alibaba.dubbo.rpc.cluster.support.wrapper.MockClusterInvoker.invoke(MockClusterInvoker.java:72)
	at com.alibaba.dubbo.rpc.proxy.InvokerInvocationHandler.invoke(InvokerInvocationHandler.java:52)
	at com.alibaba.dubbo.common.bytecode.proxy0.getDubboDemoDto(proxy0.java)
	at com.didispace.ApplicationTests.testGetDubboDemoDto(ApplicationTests.java:25)
</error>
    <system-out><![CDATA[2016-11-30 16:26:29.240 DEBUG 2140 --- [           main] o.s.test.annotation.ProfileValueUtils    : Retrieved @ProfileValueSourceConfiguration [null] for test class [com.didispace.ApplicationTests]
2016-11-30 16:26:29.240 DEBUG 2140 --- [           main] o.s.test.annotation.ProfileValueUtils    : Retrieved ProfileValueSource type [class org.springframework.test.annotation.SystemProfileValueSource] for class [com.didispace.ApplicationTests]
2016-11-30 16:26:29.240 DEBUG 2140 --- [           main] DependencyInjectionTestExecutionListener : Performing dependency injection for test context [[DefaultTestContext@6d1014 testClass = ApplicationTests, testInstance = com.didispace.ApplicationTests@b6b8f6, testMethod = [null], testException = [null], mergedContextConfiguration = [MergedContextConfiguration@707e36 testClass = ApplicationTests, locations = '{}', classes = '{class com.didispace.Application}', contextInitializerClasses = '[]', activeProfiles = '{}', propertySourceLocations = '{}', propertySourceProperties = '{}', contextLoader = 'org.springframework.boot.test.SpringApplicationContextLoader', parent = [null]]]].
2016-11-30 16:26:29.240 DEBUG 2140 --- [           main] c.DefaultCacheAwareContextLoaderDelegate : Retrieved ApplicationContext from cache with key [[MergedContextConfiguration@707e36 testClass = ApplicationTests, locations = '{}', classes = '{class com.didispace.Application}', contextInitializerClasses = '[]', activeProfiles = '{}', propertySourceLocations = '{}', propertySourceProperties = '{}', contextLoader = 'org.springframework.boot.test.SpringApplicationContextLoader', parent = [null]]]
2016-11-30 16:26:29.240 DEBUG 2140 --- [           main] org.springframework.test.context.cache   : Spring test ApplicationContext cache statistics: [DefaultContextCache@11dee39 size = 1, parentContextCount = 0, hitCount = 1, missCount = 1]
2016-11-30 16:26:29.240 DEBUG 2140 --- [           main] o.s.b.f.annotation.InjectionMetadata     : Processing injected element of bean 'com.didispace.ApplicationTests': AutowiredFieldElement for com.training.dubbo.service.DubboDemoService com.didispace.ApplicationTests.dubboDemoService
2016-11-30 16:26:29.255 DEBUG 2140 --- [           main] o.s.b.f.s.DefaultListableBeanFactory     : Returning cached instance of singleton bean 'dubboDemoService'
2016-11-30 16:26:29.255 DEBUG 2140 --- [           main] tractDirtiesContextTestExecutionListener : Before test method: context [DefaultTestContext@6d1014 testClass = ApplicationTests, testInstance = com.didispace.ApplicationTests@b6b8f6, testMethod = testGetDubboDemoDto@ApplicationTests, testException = [null], mergedContextConfiguration = [MergedContextConfiguration@707e36 testClass = ApplicationTests, locations = '{}', classes = '{class com.didispace.Application}', contextInitializerClasses = '[]', activeProfiles = '{}', propertySourceLocations = '{}', propertySourceProperties = '{}', contextLoader = 'org.springframework.boot.test.SpringApplicationContextLoader', parent = [null]]], class annotated with @DirtiesContext [false] with mode [null], method annotated with @DirtiesContext [false] with mode [null].
2016-11-30 16:26:29.255 DEBUG 2140 --- [           main] tractDirtiesContextTestExecutionListener : After test method: context [DefaultTestContext@6d1014 testClass = ApplicationTests, testInstance = com.didispace.ApplicationTests@b6b8f6, testMethod = testGetDubboDemoDto@ApplicationTests, testException = com.alibaba.dubbo.rpc.RpcException: Forbid consumer 192.168.2.82 access service com.training.dubbo.service.DubboDemoService from registry 192.168.2.72:2181 use dubbo version 2.5.3, Please check registry access list (whitelist/blacklist)., mergedContextConfiguration = [MergedContextConfiguration@707e36 testClass = ApplicationTests, locations = '{}', classes = '{class com.didispace.Application}', contextInitializerClasses = '[]', activeProfiles = '{}', propertySourceLocations = '{}', propertySourceProperties = '{}', contextLoader = 'org.springframework.boot.test.SpringApplicationContextLoader', parent = [null]]], class annotated with @DirtiesContext [false] with mode [null], method annotated with @DirtiesContext [false] with mode [null].
]]></system-out>
  </testcase>
</testsuite>